Determining if the pthread_create exist failed with the following output:
Change Dir: /home/ishaan/catkin_ws/src/rugved_description/build/CMakeFiles/CMakeTmp

Run Build Command:"/usr/bin/make" "cmTC_25bb9/fast"
/usr/bin/make -f CMakeFiles/cmTC_25bb9.dir/build.make CMakeFiles/cmTC_25bb9.dir/build
make[1]: Entering directory '/home/ishaan/catkin_ws/src/rugved_description/build/CMakeFiles/CMakeTmp'
Building C object CMakeFiles/cmTC_25bb9.dir/CheckSymbolExists.c.o
/usr/bin/cc    -o CMakeFiles/cmTC_25bb9.dir/CheckSymbolExists.c.o   -c /home/ishaan/catkin_ws/src/rugved_description/build/CMakeFiles/CMakeTmp/CheckSymbolExists.c
Linking C executable cmTC_25bb9
/usr/bin/cmake -E cmake_link_script CMakeFiles/cmTC_25bb9.dir/link.txt --verbose=1
/usr/bin/cc      -rdynamic CMakeFiles/cmTC_25bb9.dir/CheckSymbolExists.c.o  -o cmTC_25bb9 
CMakeFiles/cmTC_25bb9.dir/CheckSymbolExists.c.o: In function `main':
CheckSymbolExists.c:(.text+0x1b): undefined reference to `pthread_create'
collect2: error: ld returned 1 exit status
CMakeFiles/cmTC_25bb9.dir/build.make:97: recipe for target 'cmTC_25bb9' failed
make[1]: *** [cmTC_25bb9] Error 1
make[1]: Leaving directory '/home/ishaan/catkin_ws/src/rugved_description/build/CMakeFiles/CMakeTmp'
Makefile:126: recipe for target 'cmTC_25bb9/fast' failed
make: *** [cmTC_25bb9/fast] Error 2

File /home/ishaan/catkin_ws/src/rugved_description/build/CMakeFiles/CMakeTmp/CheckSymbolExists.c:
/* */
#include <pthread.h>

int main(int argc, char** argv)
{
  (void)argv;
#ifndef pthread_create
  return ((int*)(&pthread_create))[argc];
#else
  (void)argc;
  return 0;
#endif
}

Determining if the function pthread_create exists in the pthreads failed with the following output:
Change Dir: /home/ishaan/catkin_ws/src/rugved_description/build/CMakeFiles/CMakeTmp

Run Build Command:"/usr/bin/make" "cmTC_19aeb/fast"
/usr/bin/make -f CMakeFiles/cmTC_19aeb.dir/build.make CMakeFiles/cmTC_19aeb.dir/build
make[1]: Entering directory '/home/ishaan/catkin_ws/src/rugved_description/build/CMakeFiles/CMakeTmp'
Building C object CMakeFiles/cmTC_19aeb.dir/CheckFunctionExists.c.o
/usr/bin/cc   -DCHECK_FUNCTION_EXISTS=pthread_create   -o CMakeFiles/cmTC_19aeb.dir/CheckFunctionExists.c.o   -c /usr/share/cmake-3.10/Modules/CheckFunctionExists.c
Linking C executable cmTC_19aeb
/usr/bin/cmake -E cmake_link_script CMakeFiles/cmTC_19aeb.dir/link.txt --verbose=1
/usr/bin/cc  -DCHECK_FUNCTION_EXISTS=pthread_create    -rdynamic CMakeFiles/cmTC_19aeb.dir/CheckFunctionExists.c.o  -o cmTC_19aeb -lpthreads 
/usr/bin/ld: cannot find -lpthreads
collect2: error: ld returned 1 exit status
CMakeFiles/cmTC_19aeb.dir/build.make:97: recipe for target 'cmTC_19aeb' failed
make[1]: *** [cmTC_19aeb] Error 1
make[1]: Leaving directory '/home/ishaan/catkin_ws/src/rugved_description/build/CMakeFiles/CMakeTmp'
Makefile:126: recipe for target 'cmTC_19aeb/fast' failed
make: *** [cmTC_19aeb/fast] Error 2


